<?xml version="1.0" encoding="UTF-8"?>
<coverage generated="1725834713751" clover="3.2.0">
  <project timestamp="1725834713751" name="All files">
    <metrics statements="14" coveredstatements="14" conditionals="0" coveredconditionals="0" methods="5" coveredmethods="5" elements="19" coveredelements="19" complexity="0" loc="14" ncloc="14" packages="3" files="6" classes="6"/>
    <package name="app">
      <metrics statements="4" coveredstatements="4" conditionals="0" coveredconditionals="0" methods="1" coveredmethods="1"/>
      <file name="app.component.html" path="/Users/sudhanshuj020/Desktop/Stuff/Zonda-test/SEIICodeTestIRIS/iris-code-test-Sudhanshu-jain/web/src/app/app.component.html">
        <metrics statements="1" coveredstatements="1" conditionals="0" coveredconditionals="0" methods="0" coveredmethods="0"/>
        <line num="1" count="1" type="stmt"/>
      </file>
      <file name="app.component.ts" path="/Users/sudhanshuj020/Desktop/Stuff/Zonda-test/SEIICodeTestIRIS/iris-code-test-Sudhanshu-jain/web/src/app/app.component.ts">
        <metrics statements="3" coveredstatements="3" conditionals="0" coveredconditionals="0" methods="1" coveredmethods="1"/>
        <line num="1" count="1" type="stmt"/>
        <line num="8" count="1" type="stmt"/>
        <line num="9" count="1" type="stmt"/>
      </file>
    </package>
    <package name="app.header">
      <metrics statements="3" coveredstatements="3" conditionals="0" coveredconditionals="0" methods="2" coveredmethods="2"/>
      <file name="header.component.html" path="/Users/sudhanshuj020/Desktop/Stuff/Zonda-test/SEIICodeTestIRIS/iris-code-test-Sudhanshu-jain/web/src/app/header/header.component.html">
        <metrics statements="1" coveredstatements="1" conditionals="0" coveredconditionals="0" methods="0" coveredmethods="0"/>
        <line num="1" count="1" type="stmt"/>
      </file>
      <file name="header.component.ts" path="/Users/sudhanshuj020/Desktop/Stuff/Zonda-test/SEIICodeTestIRIS/iris-code-test-Sudhanshu-jain/web/src/app/header/header.component.ts">
        <metrics statements="2" coveredstatements="2" conditionals="0" coveredconditionals="0" methods="2" coveredmethods="2"/>
        <line num="1" count="1" type="stmt"/>
        <line num="8" count="1" type="stmt"/>
      </file>
    </package>
    <package name="app.services">
      <metrics statements="7" coveredstatements="7" conditionals="0" coveredconditionals="0" methods="2" coveredmethods="2"/>
      <file name="mockData.ts" path="/Users/sudhanshuj020/Desktop/Stuff/Zonda-test/SEIICodeTestIRIS/iris-code-test-Sudhanshu-jain/web/src/app/services/mockData.ts">
        <metrics statements="1" coveredstatements="1" conditionals="0" coveredconditionals="0" methods="0" coveredmethods="0"/>
        <line num="2" count="1" type="stmt"/>
      </file>
      <file name="subdivision-data-service.ts" path="/Users/sudhanshuj020/Desktop/Stuff/Zonda-test/SEIICodeTestIRIS/iris-code-test-Sudhanshu-jain/web/src/app/services/subdivision-data-service.ts">
        <metrics statements="6" coveredstatements="6" conditionals="0" coveredconditionals="0" methods="2" coveredmethods="2"/>
        <line num="1" count="1" type="stmt"/>
        <line num="2" count="1" type="stmt"/>
        <line num="8" count="1" type="stmt"/>
        <line num="9" count="1" type="stmt"/>
        <line num="10" count="1" type="stmt"/>
        <line num="13" count="1" type="stmt"/>
      </file>
    </package>
  </project>
</coverage>
