{"/Users/sudhanshuj020/Desktop/Stuff/Zonda-test/SEIICodeTestIRIS/iris-code-test-Sudhanshu-jain/web/src/app/app.component.html": {"path":"/Users/sudhanshuj020/Desktop/Stuff/Zonda-test/SEIICodeTestIRIS/iris-code-test-Sudhanshu-jain/web/src/app/app.component.html","statementMap":{"0":{"start":{"line":1,"column":0},"end":{"line":1,"column":648}}},"fnMap":{},"branchMap":{},"s":{"0":1},"f":{},"b":{},"_coverageSchema":"1a1c01bbd47fc00a2c39e90264f33305004495a9","hash":"432b4bc2de818b0d44be221636d2a890d5a9a9ac"}
,"/Users/sudhanshuj020/Desktop/Stuff/Zonda-test/SEIICodeTestIRIS/iris-code-test-Sudhanshu-jain/web/src/app/app.component.ts": {"path":"/Users/sudhanshuj020/Desktop/Stuff/Zonda-test/SEIICodeTestIRIS/iris-code-test-Sudhanshu-jain/web/src/app/app.component.ts","statementMap":{"0":{"start":{"line":1,"column":0},"end":{"line":1,"column":42}},"1":{"start":{"line":8,"column":7},"end":{"line":10,"column":null}},"2":{"start":{"line":9,"column":2},"end":{"line":9,"column":16}},"3":{"start":{"line":8,"column":13},"end":{"line":8,"column":25}},"4":{"start":{"line":8,"column":13},"end":{"line":10,"column":null}}},"fnMap":{"0":{"name":"(anonymous_0)","decl":{"start":{"line":8,"column":7},"end":{"line":8,"column":13}},"loc":{"start":{"line":8,"column":7},"end":{"line":10,"column":1}}}},"branchMap":{},"s":{"0":1,"1":1,"2":1,"3":1,"4":1},"f":{"0":1},"b":{}}
,"/Users/sudhanshuj020/Desktop/Stuff/Zonda-test/SEIICodeTestIRIS/iris-code-test-Sudhanshu-jain/web/src/app/header/header.component.html": {"path":"/Users/sudhanshuj020/Desktop/Stuff/Zonda-test/SEIICodeTestIRIS/iris-code-test-Sudhanshu-jain/web/src/app/header/header.component.html","statementMap":{"0":{"start":{"line":1,"column":0},"end":{"line":1,"column":152}}},"fnMap":{},"branchMap":{},"s":{"0":1},"f":{},"b":{},"_coverageSchema":"1a1c01bbd47fc00a2c39e90264f33305004495a9","hash":"e1a9e9b68df16ba93e78a2055a6949303439db2f"}
,"/Users/sudhanshuj020/Desktop/Stuff/Zonda-test/SEIICodeTestIRIS/iris-code-test-Sudhanshu-jain/web/src/app/header/header.component.ts": {"path":"/Users/sudhanshuj020/Desktop/Stuff/Zonda-test/SEIICodeTestIRIS/iris-code-test-Sudhanshu-jain/web/src/app/header/header.component.ts","statementMap":{"0":{"start":{"line":1,"column":0},"end":{"line":1,"column":50}},"1":{"start":{"line":8,"column":13},"end":{"line":8,"column":28}},"2":{"start":{"line":8,"column":13},"end":{"line":14,"column":null}}},"fnMap":{"0":{"name":"(anonymous_0)","decl":{"start":{"line":9,"column":2},"end":{"line":9,"column":18}},"loc":{"start":{"line":9,"column":2},"end":{"line":9,"column":19}}},"1":{"name":"(anonymous_1)","decl":{"start":{"line":11,"column":2},"end":{"line":11,"column":10}},"loc":{"start":{"line":11,"column":10},"end":{"line":12,"column":3}}}},"branchMap":{},"s":{"0":1,"1":1,"2":1},"f":{"0":1,"1":1},"b":{}}
,"/Users/sudhanshuj020/Desktop/Stuff/Zonda-test/SEIICodeTestIRIS/iris-code-test-Sudhanshu-jain/web/src/app/services/mockData.ts": {"path":"/Users/sudhanshuj020/Desktop/Stuff/Zonda-test/SEIICodeTestIRIS/iris-code-test-Sudhanshu-jain/web/src/app/services/mockData.ts","statementMap":{"0":{"start":{"line":2,"column":15},"end":{"line":59129,"column":null}}},"fnMap":{},"branchMap":{},"s":{"0":1},"f":{},"b":{}}
,"/Users/sudhanshuj020/Desktop/Stuff/Zonda-test/SEIICodeTestIRIS/iris-code-test-Sudhanshu-jain/web/src/app/services/subdivision-data-service.ts": {"path":"/Users/sudhanshuj020/Desktop/Stuff/Zonda-test/SEIICodeTestIRIS/iris-code-test-Sudhanshu-jain/web/src/app/services/subdivision-data-service.ts","statementMap":{"0":{"start":{"line":1,"column":0},"end":{"line":1,"column":50}},"1":{"start":{"line":2,"column":0},"end":{"line":2,"column":43}},"2":{"start":{"line":10,"column":22},"end":{"line":10,"column":38}},"3":{"start":{"line":9,"column":4},"end":{"line":9,"column":54}},"4":{"start":{"line":13,"column":4},"end":{"line":13,"column":44}},"5":{"start":{"line":8,"column":13},"end":{"line":8,"column":35}},"6":{"start":{"line":8,"column":13},"end":{"line":15,"column":null}}},"fnMap":{"0":{"name":"(anonymous_0)","decl":{"start":{"line":10,"column":2},"end":{"line":10,"column":22}},"loc":{"start":{"line":10,"column":38},"end":{"line":10,"column":43}}},"1":{"name":"(anonymous_1)","decl":{"start":{"line":12,"column":2},"end":{"line":12,"column":20}},"loc":{"start":{"line":12,"column":20},"end":{"line":14,"column":1}}}},"branchMap":{},"s":{"0":1,"1":1,"2":1,"3":1,"4":1,"5":1,"6":1},"f":{"0":1,"1":1},"b":{}}
}
